l_project_appclient/Zhaopin/proguard-project.txt
# To enable ProGuard in your project, edit project.properties
# to define the proguard.config property as described in that file.
#
# Add project specific ProGuard rules here.
# By default, the flags in this file are appended to flags specified
# in ${sdk.dir}/tools/proguard/proguard-android.txt
# You can edit the include path and order by changing the ProGuard
# include property in project.properties.
#
# For more details, see
#   http://developer.android.com/guide/developing/tools/proguard.html

# Add any project specific keep options here:

# If your project uses WebView with JS, uncomment the following
# and specify the fully qualified class name to the JavaScript interface
# class:
#-keepclassmembers class fqcn.of.javascript.interface.for.webview {
#   public *;
#}
-optimizationpasses 5
-dontusemixedcaseclassnames
-dontskipnonpubliclibraryclasses
-dontoptimize
-verbose
-dontwarn
-dontskipnonpubliclibraryclassmembers
-optimizations !code/simplification/arithmetic,!field/*,!class/merging/*

-keep public class * extends android.app.Activity
-keep public class * extends android.app.Application
-keep public class * extends android.app.Service
-keep public class * extends android.content.BroadcastReceiver
-keep public class * extends android.content.ContentProvider
-keep public class * extends android.app.backup.BackupAgentHelper
-keep public class * extends android.preference.Preference

-keep class com.alipay.android.app.IAliPay{*;}
-keep class com.alipay.android.app.IAlixPay{*;}
-keep class com.alipay.android.app.IRemoteServiceCallback{*;}

-keepclasseswithmembernames class * {
    native <methods>;
}

-keepclasseswithmembers class * {
    public <init>(android.content.Context, android.util.AttributeSet);
}

-keepclasseswithmembers class * {
    public <init>(android.content.Context, android.util.AttributeSet, int);
}

-keepclassmembers class * extends android.app.Activity {
   public void *(android.view.View);
}

-keepclassmembers enum * {
    public static **[] values();
    public static ** valueOf(java.lang.String);
}

-keep class * implements android.os.Parcelable {
  public static final android.os.Parcelable$Creator *;
}

-keep class com.tencent.open.TDialog$*
-keep class com.tencent.open.TDialog$* {*;}
-keep class com.tencent.open.PKDialog
-keep class com.tencent.open.PKDialog {*;}
-keep class com.tencent.open.PKDialog$*
-keep class com.tencent.open.PKDialog$* {*;}

#-keepnames class * implements java.io.Serializable

-keep public class * implements java.io.Serializable {
        public *;
}

-keepclassmembers class * implements java.io.Serializable {
    static final long serialVersionUID;
    private static final java.io.ObjectStreamField[] serialPersistentFields;
    private void writeObject(java.io.ObjectOutputStream);
    private void readObject(java.io.ObjectInputStream);
    java.lang.Object writeReplace();
    java.lang.Object readResolve();
}

-keep class com.qianniu.zhaopin.app.bean.** {
 	 *;
}

-keep class com.qianniu.zhaopin.app.dbupdate.** {
 	 *;
}

-libraryjars libs/fastjson-1.1.32-sources.jar
-libraryjars libs/fastjson-1.1.32.jar

-keep class com.alibaba.fastjson.** { *; }
-keepattributes Signature

-keep class com.tencent.mm.sdk.openapi.WXMediaMessage {*;}
-keep class com.tencent.mm.sdk.openapi.** implements com.tencent.mm.sdk.openapi.WXMediaMessage$IMediaObject {*;}



