l_project_appclient/Zhaopin/proguard/seeds.txt
com.qianniu.zhaopin.app.AppContext
com.qianniu.zhaopin.app.AppContext: AppContext()
com.qianniu.zhaopin.app.AppException
com.qianniu.zhaopin.app.AppException: byte TYPE_NETWORK
com.qianniu.zhaopin.app.AppException: byte TYPE_SOCKET
com.qianniu.zhaopin.app.AppException: byte TYPE_HTTP_CODE
com.qianniu.zhaopin.app.AppException: byte TYPE_HTTP_ERROR
com.qianniu.zhaopin.app.AppException: byte TYPE_XML
com.qianniu.zhaopin.app.AppException: byte TYPE_IO
com.qianniu.zhaopin.app.AppException: byte TYPE_RUN
com.qianniu.zhaopin.app.AppException: byte TYPE_JSON
com.qianniu.zhaopin.app.AppException: int getCode()
com.qianniu.zhaopin.app.AppException: int getType()
com.qianniu.zhaopin.app.AppException: void makeToast(android.content.Context)
com.qianniu.zhaopin.app.AppException: void saveErrorLog(java.lang.Exception)
com.qianniu.zhaopin.app.AppException: com.qianniu.zhaopin.app.AppException http(int)
com.qianniu.zhaopin.app.AppException: com.qianniu.zhaopin.app.AppException http(java.lang.Exception)
com.qianniu.zhaopin.app.AppException: com.qianniu.zhaopin.app.AppException socket(java.lang.Exception)
com.qianniu.zhaopin.app.AppException: com.qianniu.zhaopin.app.AppException io(java.lang.Exception)
com.qianniu.zhaopin.app.AppException: com.qianniu.zhaopin.app.AppException xml(java.lang.Exception)
com.qianniu.zhaopin.app.AppException: com.qianniu.zhaopin.app.AppException json(java.lang.Exception)
com.qianniu.zhaopin.app.AppException: com.qianniu.zhaopin.app.AppException network(java.lang.Exception)
com.qianniu.zhaopin.app.AppStart
com.qianniu.zhaopin.app.AppStart: AppStart()
com.qianniu.zhaopin.app.adapter.SideBar
com.qianniu.zhaopin.app.adapter.SideBar: SideBar(android.content.Context)
com.qianniu.zhaopin.app.adapter.SideBar: SideBar(android.content.Context,android.util.AttributeSet)
com.qianniu.zhaopin.app.adapter.SideBar: SideBar(android.content.Context,android.util.AttributeSet,int)
com.qianniu.zhaopin.app.bean.AccessInfo
com.qianniu.zhaopin.app.bean.AccessInfo: java.lang.String userID
com.qianniu.zhaopin.app.bean.AccessInfo: java.lang.String accessToken
com.qianniu.zhaopin.app.bean.AccessInfo: java.lang.String accessSecret
com.qianniu.zhaopin.app.bean.AccessInfo: long expiresIn
com.qianniu.zhaopin.app.bean.AccessInfo: AccessInfo()
com.qianniu.zhaopin.app.bean.AccessInfo: java.lang.String getUserID()
com.qianniu.zhaopin.app.bean.AccessInfo: void setUserID(java.lang.String)
com.qianniu.zhaopin.app.bean.AccessInfo: java.lang.String getAccessToken()
com.qianniu.zhaopin.app.bean.AccessInfo: void setAccessToken(java.lang.String)
com.qianniu.zhaopin.app.bean.AccessInfo: java.lang.String getAccessSecret()
com.qianniu.zhaopin.app.bean.AccessInfo: void setAccessSecret(java.lang.String)
com.qianniu.zhaopin.app.bean.AccessInfo: long getExpiresIn()
com.qianniu.zhaopin.app.bean.AccessInfo: void setExpiresIn(long)
...
android.support.v4.view.PagerTitleStrip
android.support.v4.view.PagerTitleStrip: PagerTitleStrip(android.content.Context,android.util.AttributeSet)
android.support.v4.view.ViewPager
android.support.v4.view.ViewPager: ViewPager(android.content.Context)
android.support.v4.view.ViewPager: ViewPager(android.content.Context,android.util.AttributeSet)
android.support.v4.view.ViewPager$LayoutParams
android.support.v4.view.ViewPager$LayoutParams: ViewPager$LayoutParams(android.content.Context,android.util.AttributeSet)
android.support.v4.view.ViewPager$SavedState
android.support.v4.view.ViewPager$SavedState: android.os.Parcelable$Creator CREATOR
android.support.v4.widget.DrawerLayout
android.support.v4.widget.DrawerLayout: DrawerLayout(android.content.Context,android.util.AttributeSet)
android.support.v4.widget.DrawerLayout: DrawerLayout(android.content.Context,android.util.AttributeSet,int)
android.support.v4.widget.DrawerLayout$LayoutParams
android.support.v4.widget.DrawerLayout$LayoutParams: DrawerLayout$LayoutParams(android.content.Context,android.util.AttributeSet)
android.support.v4.widget.DrawerLayout$SavedState
android.support.v4.widget.DrawerLayout$SavedState: android.os.Parcelable$Creator CREATOR
android.support.v4.widget.SlidingPaneLayout
android.support.v4.widget.SlidingPaneLayout: SlidingPaneLayout(android.content.Context,android.util.AttributeSet)
android.support.v4.widget.SlidingPaneLayout: SlidingPaneLayout(android.content.Context,android.util.AttributeSet,int)
android.support.v4.widget.SlidingPaneLayout$LayoutParams
android.support.v4.widget.SlidingPaneLayout$LayoutParams: SlidingPaneLayout$LayoutParams(android.content.Context,android.util.AttributeSet)
android.support.v4.widget.SlidingPaneLayout$SavedState
android.support.v4.widget.SlidingPaneLayout$SavedState: android.os.Parcelable$Creator CREATOR
com.alibaba.fastjson.JSON
com.alibaba.fastjson.JSON: java.lang.String DEFAULT_TYPE_KEY
com.alibaba.fastjson.JSON: int DEFAULT_PARSER_FEATURE
com.alibaba.fastjson.JSON: java.lang.String DEFFAULT_DATE_FORMAT
com.alibaba.fastjson.JSON: int DEFAULT_GENERATE_FEATURE
com.alibaba.fastjson.JSON: java.lang.String VERSION
com.alibaba.fastjson.JSON: JSON()
com.alibaba.fastjson.JSON: java.lang.Object parse(java.lang.String)
com.alibaba.fastjson.JSON: java.lang.Object parse(java.lang.String,int)
com.alibaba.fastjson.JSON: java.lang.Object parse(byte[],com.alibaba.fastjson.parser.Feature[])
com.alibaba.fastjson.JSON: java.lang.Object parse(byte[],int,int,java.nio.charset.CharsetDecoder,com.alibaba.fastjson.parser.Feature[])
com.alibaba.fastjson.JSON: java.lang.Object parse(byte[],int,int,java.nio.charset.CharsetDecoder,int)
com.alibaba.fastjson.JSON: java.lang.Object parse(java.lang.String,com.alibaba.fastjson.parser.Feature[])
com.alibaba.fastjson.JSON: com.alibaba.fastjson.JSONObject parseObject(java.lang.String,com.alibaba.fastjson.parser.Feature[])
com.alibaba.fastjson.JSON: com.alibaba.fastjson.JSONObject parseObject(java.lang.String)
com.alibaba.fastjson.JSON: java.lang.Object parseObject(java.lang.String,com.alibaba.fastjson.TypeReference,com.alibaba.fastjson.parser.Feature[])
com.alibaba.fastjson.JSON: java.lang.Object parseObject(java.lang.String,java.lang.Class,com.alibaba.fastjson.parser.Feature[])