l_project_appclient/Zhaopin/proguard/mapping.txt
com.qianniu.zhaopin.R -> com.qianniu.zhaopin.a:
com.qianniu.zhaopin.R$styleable -> com.qianniu.zhaopin.b:
    int[] AbsListView -> a
    int[] ButtonBarContainerTheme -> b
    int[] ListView -> c
    int[] PinterestLikeAdapterView -> d
    int[] TitlePageIndicator -> e
    int[] View -> f
    int[] ViewGroup -> g
    int[] ViewPagerIndicator -> h
com.qianniu.zhaopin.app.AppConfig -> com.qianniu.zhaopin.app.a:
    java.lang.String DEFAULT_SAVE_IMAGE_ABSOLUTE_PATH -> a
    java.lang.String START_SAVE_IMAGE_ABSOLUTE_PATH -> b
    android.content.Context mContext -> c
    com.qianniu.zhaopin.app.bean.AccessInfo accessInfo -> d
    com.qianniu.zhaopin.app.AppConfig appConfig -> e
    com.qianniu.zhaopin.app.AppConfig getAppConfig(android.content.Context) -> a
    java.lang.String get(java.lang.String) -> a
    java.util.Properties get() -> a
    void setProps(java.util.Properties) -> b
    void set(java.util.Properties) -> a
    void set(java.lang.String,java.lang.String) -> a
    void remove(java.lang.String[]) -> a
com.qianniu.zhaopin.app.AppContext -> com.qianniu.zhaopin.app.AppContext:
    com.qianniu.zhaopin.app.AppContext appcontext -> a
    boolean login -> b
    int loginUid -> c
    java.lang.String access_token -> d
    java.lang.String user_id -> e
    int nloginType -> f
    java.util.Hashtable memCacheRegion -> g
    com.qianniu.zhaopin.app.common.ThreadPoolController threadPool -> h
    java.lang.String saveImagePath -> i
    android.os.Handler unLoginHandler -> j
    void onCreate() -> onCreate
    void init() -> w
    boolean isNetworkConnected() -> a
    int getNetworkType() -> b
    android.content.pm.PackageInfo getPackageInfo() -> c
    java.lang.String getAppId() -> d
    boolean isLogin() -> e
    boolean isLoginAndToLogin(android.app.Activity) -> a
    boolean isLoginAndToLogin(android.content.Context) -> a
    java.lang.String getAccessToken() -> f
    java.lang.String getUserId() -> g
    void Logout() -> h
    android.os.Handler getUnLoginHandler() -> i
    void initLoginInfo() -> j
    com.qianniu.zhaopin.app.bean.User loginVerify(com.qianniu.zhaopin.app.bean.ReqUserInfo) -> a
    com.qianniu.zhaopin.app.bean.User registerVerify(java.lang.String,java.lang.String) -> a
    com.qianniu.zhaopin.app.bean.User findpwdMobileVerify(java.lang.String,java.lang.String,java.lang.String) -> a
    com.qianniu.zhaopin.app.bean.User findpassword(java.lang.String,int) -> a
com.qianniu.zhaopin.app.AppContext$1 -> com.qianniu.zhaopin.app.b:
    com.qianniu.zhaopin.app.AppContext this$0 -> a
    void handleMessage(android.os.Message) -> handleMessage
com.qianniu.zhaopin.app.AppContext$2 -> com.qianniu.zhaopin.app.c:
    com.qianniu.zhaopin.app.AppContext this$0 -> a
com.qianniu.zhaopin.app.AppContext$4 -> com.qianniu.zhaopin.app.d:
    com.qianniu.zhaopin.app.AppContext this$0 -> a
    void onClick(android.content.DialogInterface,int) -> onClick
com.qianniu.zhaopin.app.AppContext$5 -> com.qianniu.zhaopin.app.e:
    com.qianniu.zhaopin.app.AppContext this$0 -> a
    void onClick(android.content.DialogInterface,int) -> onClick
com.qianniu.zhaopin.app.AppContext$FileClearRunnable -> com.qianniu.zhaopin.app.f:
    android.content.Context context -> b
    com.qianniu.zhaopin.app.AppContext this$0 -> a
    void run() -> run
...
com.aps.av -> com.a.y:
    java.lang.String[] a -> a
    boolean a(java.lang.String[],java.lang.String) -> a
com.aps.aw -> com.a.z:
    java.io.RandomAccessFile a -> a
    com.aps.z b -> b
    java.io.File c -> c
    com.aps.y a(int) -> a
    java.util.BitSet a() -> a
    java.util.ArrayList a(int,int) -> a
    int a(java.util.BitSet) -> a
    int a(int,int,int) -> a
    void a(com.aps.y) -> a
    void a(java.lang.String) -> a
com.aps.ax -> com.a.aa:
    java.io.RandomAccessFile a -> a
    com.aps.z b -> b
    java.lang.String c -> c
    java.io.File d -> d
    void a(long,byte[]) -> a
    void a(java.lang.String) -> a
com.aps.ay -> com.a.ab:
    byte a -> a
    short b -> b
    java.lang.Boolean a(java.io.DataOutputStream) -> a
com.aps.b -> com.a.ac:
    java.lang.String a -> a
    javax.crypto.Cipher b -> b
    javax.crypto.Cipher c -> c
    void a(java.lang.StringBuilder,java.lang.String) -> a
    java.lang.String a(java.lang.String,java.lang.String) -> a
    java.lang.String a(byte[]) -> a
    byte[] a(java.lang.String) -> a
    java.lang.String b(byte[]) -> b
com.aps.c -> com.a.ad:
    java.lang.String a -> a
    double b -> b
    double c -> c
    float d -> d
    float e -> e
    float f -> f
    long g -> g
    java.lang.String h -> h
    java.lang.String i -> i
    java.lang.String j -> j
    java.lang.String k -> k
    java.lang.String l -> l
    java.lang.String m -> m
    java.lang.String n -> n
    java.lang.String o -> o
    java.lang.String p -> p
    java.lang.String q -> q
    java.lang.String r -> r
    org.json.JSONObject s -> s
    void a(java.lang.String) -> a
    double a() -> a
    void a(double) -> a
    double b() -> b
    void b(double) -> b
    float c() -> c
    void a(float) -> a
    long d() -> d
    void a(long) -> a
    java.lang.String e() -> e
    void b(java.lang.String) -> b
    java.lang.String f() -> f
    void c(java.lang.String) -> c
    java.lang.String g() -> g
    void d(java.lang.String) -> d
    java.lang.String h() -> h
    void e(java.lang.String) -> e
    java.lang.String i() -> i
    void f(java.lang.String) -> f
    void g(java.lang.String) -> g
    void h(java.lang.String) -> h
    void i(java.lang.String) -> i
    void j(java.lang.String) -> j
    void k(java.lang.String) -> k
    void l(java.lang.String) -> l
    org.json.JSONObject j() -> j
    void a(org.json.JSONObject) -> a
com.aps.d -> com.a.ae:
    com.aps.d a -> a
    java.util.Hashtable b -> b
    long c -> c
    com.aps.d a() -> a
    void a(java.lang.String,com.aps.c,java.lang.StringBuilder,android.content.Context) -> a
    com.aps.c a(java.lang.String,java.lang.StringBuilder,java.lang.String) -> a
    boolean b() -> b
    boolean a(java.lang.String,com.aps.c) -> a
    void c() -> c
    com.aps.d$a a(java.lang.String,java.lang.StringBuilder,java.lang.String,java.lang.String) -> a
    boolean a(java.lang.String,java.lang.StringBuilder) -> a
    void a(java.lang.String,java.util.Hashtable) -> a
    double a(double[],double[]) -> a
com.aps.d$a -> com.a.af:
    com.aps.c b -> b
    java.lang.String c -> c
    com.aps.d a -> a
    com.aps.c a() -> a
    void a(com.aps.c) -> a
    java.lang.String b() -> b
    void a(java.lang.String) -> a
com.aps.e -> com.a.ag:
    java.lang.String a -> a
    java.lang.String b -> b
    int c -> c
    int d -> d
    int e -> e
    int f -> f
    int g -> g
    int h -> h
    int i -> i
    int j -> j
com.aps.f -> com.a.ah:
    java.lang.String a -> a
    java.lang.String b -> b
    java.lang.String c -> c
    java.lang.String d -> d
    java.lang.String e -> e
    java.lang.String f -> f
    boolean g -> g
    boolean h -> h
    long i -> i
    long j -> j
    boolean k -> k
    android.util.SparseArray l -> l
    java.lang.String[] m -> m
com.aps.g -> com.a.ai:
    com.aps.i a -> a
    com.aps.i a() -> a