l_project_appclient/Zhaopin/proguard/usage.txt
com.qianniu.zhaopin.BuildConfig
com.qianniu.zhaopin.R:
    10:10:public R()
com.qianniu.zhaopin.R$anim
com.qianniu.zhaopin.R$array
com.qianniu.zhaopin.R$attr
com.qianniu.zhaopin.R$bool
com.qianniu.zhaopin.R$color
com.qianniu.zhaopin.R$dimen
com.qianniu.zhaopin.R$drawable
com.qianniu.zhaopin.R$id
com.qianniu.zhaopin.R$integer
com.qianniu.zhaopin.R$layout
com.qianniu.zhaopin.R$string
com.qianniu.zhaopin.R$style
com.qianniu.zhaopin.R$styleable:
    public static final int AbsListView_cacheColorHint
    public static final int AbsListView_choiceMode
    public static final int AbsListView_drawSelectorOnTop
    public static final int AbsListView_fastScrollAlwaysVisible
    public static final int AbsListView_fastScrollEnabled
    public static final int AbsListView_listSelector
    public static final int AbsListView_scrollingCache
    public static final int AbsListView_smoothScrollbar
    public static final int AbsListView_stackFromBottom
    public static final int AbsListView_textFilterEnabled
    public static final int AbsListView_transcriptMode
    public static final int ButtonBarContainerTheme_buttonBarButtonStyle
    public static final int ButtonBarContainerTheme_buttonBarStyle
    public static final int ListView_dividerHeight
    public static final int ListView_footerDividersEnabled
    public static final int ListView_headerDividersEnabled
    public static final int ListView_overScrollFooter
    public static final int ListView_overScrollHeader
    public static final int PinterestLikeAdapterView_plaColumnNumber
    public static final int PinterestLikeAdapterView_plaColumnPaddingLeft
    public static final int PinterestLikeAdapterView_plaColumnPaddingRight
    public static final int PinterestLikeAdapterView_plaLandscapeColumnNumber
    public static final int TitlePageIndicator_android_background
com.qianniu.zhaopin.app.AppConfig:
    private static final java.lang.String APP_CONFIG
    public static final java.lang.String TEMP_TWEET
    public static final java.lang.String TEMP_TWEET_IMAGE
    public static final java.lang.String TEMP_MESSAGE
    public static final java.lang.String TEMP_COMMENT
    public static final java.lang.String TEMP_POST_TITLE
    public static final java.lang.String TEMP_POST_CATALOG
    public static final java.lang.String TEMP_POST_CONTENT
    public static final java.lang.String CONF_APP_UNIQUEID
    public static final java.lang.String CONF_COOKIE
    public static final java.lang.String CONF_ACCESSTOKEN
    public static final java.lang.String CONF_ACCESSSECRET
    public static final java.lang.String CONF_EXPIRESIN
    public static final java.lang.String CONF_LOAD_IMAGE
    public static final java.lang.String CONF_SCROLL
    public static final java.lang.String CONF_HTTPS_LOGIN
    public static final java.lang.String CONF_VOICE
    public static final java.lang.String CONF_CHECKUP
    public static final java.lang.String CONF_BDPUSH_USERID
    public static final java.lang.String CONF_BDPUSH_CHANNELID
    public static final java.lang.String SAVE_IMAGE_PATH
    public static final java.lang.String SDCARD_FILE_ROOT
    public static final java.lang.String SDCARD_IMAGE_ROOT
    public static final java.lang.String SDCARD_IMAGE_START
...
android.support.v4.app.FragmentManagerImpl$3
android.support.v4.app.FragmentManagerImpl$4
android.support.v4.app.FragmentPagerAdapter:
    private static final java.lang.String TAG
    private static final boolean DEBUG
android.support.v4.app.FragmentStatePagerAdapter
android.support.v4.app.FragmentTabHost:
    186:190:public void setup(android.content.Context,android.support.v4.app.FragmentManager)
android.support.v4.app.FragmentTransaction:
    public static final int TRANSIT_ENTER_MASK
    public static final int TRANSIT_EXIT_MASK
    public static final int TRANSIT_UNSET
    public static final int TRANSIT_NONE
    public static final int TRANSIT_FRAGMENT_OPEN
    public static final int TRANSIT_FRAGMENT_CLOSE
    public static final int TRANSIT_FRAGMENT_FADE
    public abstract android.support.v4.app.FragmentTransaction add(android.support.v4.app.Fragment,java.lang.String)
    public abstract android.support.v4.app.FragmentTransaction add(int,android.support.v4.app.Fragment)
    public abstract android.support.v4.app.FragmentTransaction replace(int,android.support.v4.app.Fragment,java.lang.String)
    public abstract android.support.v4.app.FragmentTransaction remove(android.support.v4.app.Fragment)
    public abstract android.support.v4.app.FragmentTransaction hide(android.support.v4.app.Fragment)
    public abstract android.support.v4.app.FragmentTransaction show(android.support.v4.app.Fragment)
    public abstract boolean isEmpty()
    public abstract android.support.v4.app.FragmentTransaction setCustomAnimations(int,int)
    public abstract android.support.v4.app.FragmentTransaction setCustomAnimations(int,int,int,int)
    public abstract android.support.v4.app.FragmentTransaction setTransition(int)
    public abstract android.support.v4.app.FragmentTransaction setTransitionStyle(int)
    public abstract boolean isAddToBackStackAllowed()
android.support.v4.app.ListFragment:
    static final int INTERNAL_EMPTY_ID
    static final int INTERNAL_PROGRESS_CONTAINER_ID
    static final int INTERNAL_LIST_CONTAINER_ID
    198:200:public void setSelection(int)
    206:207:public int getSelectedItemPosition()
    214:215:public long getSelectedItemId()
    222:223:public android.widget.ListView getListView()
    266:267:public void setListShownNoAnimation(boolean)
    319:319:public android.widget.ListAdapter getListAdapter()
android.support.v4.app.LoaderManager:
    public abstract android.support.v4.content.Loader initLoader(int,android.os.Bundle,android.support.v4.app.LoaderManager$LoaderCallbacks)
    public abstract android.support.v4.content.Loader restartLoader(int,android.os.Bundle,android.support.v4.app.LoaderManager$LoaderCallbacks)
    public abstract void destroyLoader(int)
    public abstract android.support.v4.content.Loader getLoader(int)
    public abstract void dump(java.lang.String,java.io.FileDescriptor,java.io.PrintWriter,java.lang.String[])
    177:178:public static void enableDebugLogging(boolean)
android.support.v4.app.LoaderManagerImpl:
    static final java.lang.String TAG
    boolean mRetainingStarted
    boolean mCreatingLoader
    489:492:private android.support.v4.app.LoaderManagerImpl$LoaderInfo createLoader(int,android.os.Bundle,android.support.v4.app.LoaderManager$LoaderCallbacks)
    498:503:private android.support.v4.app.LoaderManagerImpl$LoaderInfo createAndInstallLoader(int,android.os.Bundle,android.support.v4.app.LoaderManager$LoaderCallbacks)
    508:515:void installLoader(android.support.v4.app.LoaderManagerImpl$LoaderInfo)
    543:565:public android.support.v4.content.Loader initLoader(int,android.os.Bundle,android.support.v4.app.LoaderManager$LoaderCallbacks)
    593:647:public android.support.v4.content.Loader restartLoader(int,android.os.Bundle,android.support.v4.app.LoaderManager$LoaderCallbacks)
    658:678:public void destroyLoader(int)
    686:697:public android.support.v4.content.Loader getLoader(int)